2022-09-19 22:43:13.905  INFO 2628 --- [main] c.m.guest.GuestServiceApplicationTests   : Starting GuestServiceApplicationTests using Java 17.0.4.1 on DESKTOP-TG0PSDR with PID 2628 (started by akodg in D:\HMS\Guest-service\Guest-service)
2022-09-19 22:43:13.913  INFO 2628 --- [main] c.m.guest.GuestServiceApplicationTests   : No active profile set, falling back to default profiles: default
2022-09-19 22:43:15.756  INFO 2628 --- [main] .s.d.r.c.RepositoryConfigurationDelegate : Bootstrapping Spring Data MongoDB repositories in DEFAULT mode.
2022-09-19 22:43:16.050  INFO 2628 --- [main] .s.d.r.c.RepositoryConfigurationDelegate : Finished Spring Data repository scanning in 289 ms. Found 1 MongoDB repository interfaces.
2022-09-19 22:43:16.500  INFO 2628 --- [main] o.s.cloud.context.scope.GenericScope     : BeanFactory id=2628d6d7-1ef7-398a-870e-1db0f3359125
2022-09-19 22:43:19.266  INFO 2628 --- [main] pertySourcedRequestMappingHandlerMapping : Mapped URL path [/v2/api-docs] onto method [springfox.documentation.swagger2.web.Swagger2Controller#getDocumentation(String, HttpServletRequest)]
2022-09-19 22:43:19.737  INFO 2628 --- [main] o.s.s.concurrent.ThreadPoolTaskExecutor  : Initializing ExecutorService 'applicationTaskExecutor'
2022-09-19 22:43:20.829  INFO 2628 --- [main] org.mongodb.driver.cluster               : Cluster created with settings {hosts=[127.0.0.1:27017], srvHost=guest.wke2xju.mongodb.net, mode=MULTIPLE, requiredClusterType=REPLICA_SET, serverSelectionTimeout='30000 ms', requiredReplicaSetName='atlas-1427s3-shard-0'}
2022-09-19 22:43:20.909  WARN 2628 --- [main] o.s.data.convert.CustomConversions       : Registering converter from class java.time.LocalDateTime to class org.joda.time.LocalDateTime as reading converter although it doesn't convert from a store-supported type! You might want to check your annotation setup at the converter implementation.
2022-09-19 22:43:20.918  INFO 2628 --- [cluster-ClusterId{value='6328a3307451d95e8ca51606', description='null'}-srv-guest.wke2xju.mongodb.net] org.mongodb.driver.cluster               : Adding discovered server ac-va7fcg1-shard-00-00.wke2xju.mongodb.net:27017 to client view of cluster
2022-09-19 22:43:20.941  INFO 2628 --- [cluster-ClusterId{value='6328a3307451d95e8ca51606', description='null'}-srv-guest.wke2xju.mongodb.net] org.mongodb.driver.cluster               : Adding discovered server ac-va7fcg1-shard-00-01.wke2xju.mongodb.net:27017 to client view of cluster
2022-09-19 22:43:20.942  INFO 2628 --- [cluster-ClusterId{value='6328a3307451d95e8ca51606', description='null'}-srv-guest.wke2xju.mongodb.net] org.mongodb.driver.cluster               : Adding discovered server ac-va7fcg1-shard-00-02.wke2xju.mongodb.net:27017 to client view of cluster
2022-09-19 22:43:21.081  WARN 2628 --- [main] o.s.data.convert.CustomConversions       : Registering converter from class java.time.LocalDateTime to class org.joda.time.LocalDateTime as reading converter although it doesn't convert from a store-supported type! You might want to check your annotation setup at the converter implementation.
2022-09-19 22:43:21.747  INFO 2628 --- [cluster-ClusterId{value='6328a3307451d95e8ca51606', description='null'}-ac-va7fcg1-shard-00-00.wke2xju.mongodb.net:27017] org.mongodb.driver.connection            : Opened connection [connectionId{localValue:1, serverValue:219886}] to ac-va7fcg1-shard-00-00.wke2xju.mongodb.net:27017
2022-09-19 22:43:21.747  INFO 2628 --- [cluster-ClusterId{value='6328a3307451d95e8ca51606', description='null'}-ac-va7fcg1-shard-00-00.wke2xju.mongodb.net:27017] org.mongodb.driver.cluster               : Monitor thread successfully connected to server with description ServerDescription{address=ac-va7fcg1-shard-00-00.wke2xju.mongodb.net:27017, type=REPLICA_SET_SECONDARY, state=CONNECTED, ok=true, minWireVersion=0, maxWireVersion=13, maxDocumentSize=16777216, logicalSessionTimeoutMinutes=30, roundTripTimeNanos=341027300, setName='atlas-1427s3-shard-0', canonicalAddress=ac-va7fcg1-shard-00-00.wke2xju.mongodb.net:27017, hosts=[ac-va7fcg1-shard-00-01.wke2xju.mongodb.net:27017, ac-va7fcg1-shard-00-02.wke2xju.mongodb.net:27017, ac-va7fcg1-shard-00-00.wke2xju.mongodb.net:27017], passives=[], arbiters=[], primary='ac-va7fcg1-shard-00-02.wke2xju.mongodb.net:27017', tagSet=TagSet{[Tag{name='nodeType', value='ELECTABLE'}, Tag{name='provider', value='AWS'}, Tag{name='region', value='AP_SOUTH_1'}, Tag{name='workloadType', value='OPERATIONAL'}]}, electionId=null, setVersion=5, topologyVersion=TopologyVersion{processId=6320264db0a37ed66792d3d7, counter=4}, lastWriteDate=Mon Sep 19 22:43:20 IST 2022, lastUpdateTimeNanos=47476592962300}
2022-09-19 22:43:21.747  INFO 2628 --- [cluster-rtt-ClusterId{value='6328a3307451d95e8ca51606', description='null'}-ac-va7fcg1-shard-00-02.wke2xju.mongodb.net:27017] org.mongodb.driver.connection            : Opened connection [connectionId{localValue:6, serverValue:240426}] to ac-va7fcg1-shard-00-02.wke2xju.mongodb.net:27017
2022-09-19 22:43:21.747  INFO 2628 --- [cluster-rtt-ClusterId{value='6328a3307451d95e8ca51606', description='null'}-ac-va7fcg1-shard-00-01.wke2xju.mongodb.net:27017] org.mongodb.driver.connection            : Opened connection [connectionId{localValue:4, serverValue:219086}] to ac-va7fcg1-shard-00-01.wke2xju.mongodb.net:27017
2022-09-19 22:43:21.747  INFO 2628 --- [cluster-rtt-ClusterId{value='6328a3307451d95e8ca51606', description='null'}-ac-va7fcg1-shard-00-00.wke2xju.mongodb.net:27017] org.mongodb.driver.connection            : Opened connection [connectionId{localValue:2, serverValue:219886}] to ac-va7fcg1-shard-00-00.wke2xju.mongodb.net:27017
2022-09-19 22:43:21.747  INFO 2628 --- [cluster-ClusterId{value='6328a3307451d95e8ca51606', description='null'}-ac-va7fcg1-shard-00-01.wke2xju.mongodb.net:27017] org.mongodb.driver.connection            : Opened connection [connectionId{localValue:3, serverValue:219086}] to ac-va7fcg1-shard-00-01.wke2xju.mongodb.net:27017
2022-09-19 22:43:21.747  INFO 2628 --- [cluster-ClusterId{value='6328a3307451d95e8ca51606', description='null'}-ac-va7fcg1-shard-00-02.wke2xju.mongodb.net:27017] org.mongodb.driver.connection            : Opened connection [connectionId{localValue:5, serverValue:240491}] to ac-va7fcg1-shard-00-02.wke2xju.mongodb.net:27017
2022-09-19 22:43:21.754  INFO 2628 --- [cluster-ClusterId{value='6328a3307451d95e8ca51606', description='null'}-ac-va7fcg1-shard-00-01.wke2xju.mongodb.net:27017] org.mongodb.driver.cluster               : Monitor thread successfully connected to server with description ServerDescription{address=ac-va7fcg1-shard-00-01.wke2xju.mongodb.net:27017, type=REPLICA_SET_SECONDARY, state=CONNECTED, ok=true, minWireVersion=0, maxWireVersion=13, maxDocumentSize=16777216, logicalSessionTimeoutMinutes=30, roundTripTimeNanos=330606500, setName='atlas-1427s3-shard-0', canonicalAddress=ac-va7fcg1-shard-00-01.wke2xju.mongodb.net:27017, hosts=[ac-va7fcg1-shard-00-01.wke2xju.mongodb.net:27017, ac-va7fcg1-shard-00-02.wke2xju.mongodb.net:27017, ac-va7fcg1-shard-00-00.wke2xju.mongodb.net:27017], passives=[], arbiters=[], primary='ac-va7fcg1-shard-00-02.wke2xju.mongodb.net:27017', tagSet=TagSet{[Tag{name='nodeType', value='ELECTABLE'}, Tag{name='provider', value='AWS'}, Tag{name='region', value='AP_SOUTH_1'}, Tag{name='workloadType', value='OPERATIONAL'}]}, electionId=null, setVersion=5, topologyVersion=TopologyVersion{processId=63202837cb966e8110e39ce5, counter=3}, lastWriteDate=Mon Sep 19 22:43:20 IST 2022, lastUpdateTimeNanos=47476592424500}
2022-09-19 22:43:21.754  INFO 2628 --- [cluster-ClusterId{value='6328a3307451d95e8ca51606', description='null'}-ac-va7fcg1-shard-00-02.wke2xju.mongodb.net:27017] org.mongodb.driver.cluster               : Monitor thread successfully connected to server with description ServerDescription{address=ac-va7fcg1-shard-00-02.wke2xju.mongodb.net:27017, type=REPLICA_SET_PRIMARY, state=CONNECTED, ok=true, minWireVersion=0, maxWireVersion=13, maxDocumentSize=16777216, logicalSessionTimeoutMinutes=30, roundTripTimeNanos=341010000, setName='atlas-1427s3-shard-0', canonicalAddress=ac-va7fcg1-shard-00-02.wke2xju.mongodb.net:27017, hosts=[ac-va7fcg1-shard-00-01.wke2xju.mongodb.net:27017, ac-va7fcg1-shard-00-02.wke2xju.mongodb.net:27017, ac-va7fcg1-shard-00-00.wke2xju.mongodb.net:27017], passives=[], arbiters=[], primary='ac-va7fcg1-shard-00-02.wke2xju.mongodb.net:27017', tagSet=TagSet{[Tag{name='nodeType', value='ELECTABLE'}, Tag{name='provider', value='AWS'}, Tag{name='region', value='AP_SOUTH_1'}, Tag{name='workloadType', value='OPERATIONAL'}]}, electionId=7fffffff00000000000000c9, setVersion=5, topologyVersion=TopologyVersion{processId=6320275bbea49d301c8c96f2, counter=6}, lastWriteDate=Mon Sep 19 22:43:20 IST 2022, lastUpdateTimeNanos=47476593048100}
2022-09-19 22:43:21.755  INFO 2628 --- [cluster-ClusterId{value='6328a3307451d95e8ca51606', description='null'}-ac-va7fcg1-shard-00-02.wke2xju.mongodb.net:27017] org.mongodb.driver.cluster               : Setting max election id to 7fffffff00000000000000c9 from replica set primary ac-va7fcg1-shard-00-02.wke2xju.mongodb.net:27017
2022-09-19 22:43:21.755  INFO 2628 --- [cluster-ClusterId{value='6328a3307451d95e8ca51606', description='null'}-ac-va7fcg1-shard-00-02.wke2xju.mongodb.net:27017] org.mongodb.driver.cluster               : Setting max set version to 5 from replica set primary ac-va7fcg1-shard-00-02.wke2xju.mongodb.net:27017
2022-09-19 22:43:21.755  INFO 2628 --- [cluster-ClusterId{value='6328a3307451d95e8ca51606', description='null'}-ac-va7fcg1-shard-00-02.wke2xju.mongodb.net:27017] org.mongodb.driver.cluster               : Discovered replica set primary ac-va7fcg1-shard-00-02.wke2xju.mongodb.net:27017
2022-09-19 22:43:21.815  INFO 2628 --- [main] DiscoveryClientOptionalArgsConfiguration : Eureka HTTP Client uses RestTemplate.
2022-09-19 22:43:22.261  WARN 2628 --- [main] iguration$LoadBalancerCaffeineWarnLogger : Spring Cloud LoadBalancer is currently working with the default cache. You can switch to using Caffeine cache, by adding it to the classpath.
2022-09-19 22:43:22.290  INFO 2628 --- [main] o.s.c.n.eureka.InstanceInfoFactory       : Setting initial instance status as: STARTING
2022-09-19 22:43:22.393  INFO 2628 --- [main] com.netflix.discovery.DiscoveryClient    : Initializing Eureka in region us-east-1
2022-09-19 22:43:22.400  INFO 2628 --- [main] c.n.d.s.r.aws.ConfigClusterResolver      : Resolving eureka endpoints via configuration
2022-09-19 22:43:22.442  INFO 2628 --- [main] com.netflix.discovery.DiscoveryClient    : Disable delta property : false
2022-09-19 22:43:22.442  INFO 2628 --- [main] com.netflix.discovery.DiscoveryClient    : Single vip registry refresh property : null
2022-09-19 22:43:22.442  INFO 2628 --- [main] com.netflix.discovery.DiscoveryClient    : Force full registry fetch : false
2022-09-19 22:43:22.442  INFO 2628 --- [main] com.netflix.discovery.DiscoveryClient    : Application is null : false
2022-09-19 22:43:22.442  INFO 2628 --- [main] com.netflix.discovery.DiscoveryClient    : Registered Applications size is zero : true
2022-09-19 22:43:22.442  INFO 2628 --- [main] com.netflix.discovery.DiscoveryClient    : Application version is -1: true
2022-09-19 22:43:22.443  INFO 2628 --- [main] com.netflix.discovery.DiscoveryClient    : Getting all instance registry info from the eureka server
2022-09-19 22:43:22.698  INFO 2628 --- [main] com.netflix.discovery.DiscoveryClient    : The response status is 200
2022-09-19 22:43:22.702  INFO 2628 --- [main] com.netflix.discovery.DiscoveryClient    : Starting heartbeat executor: renew interval is: 30
2022-09-19 22:43:22.706  INFO 2628 --- [main] c.n.discovery.InstanceInfoReplicator     : InstanceInfoReplicator onDemand update allowed rate per min is 4
2022-09-19 22:43:22.713  INFO 2628 --- [main] com.netflix.discovery.DiscoveryClient    : Discovery Client initialized at timestamp 1663607602711 with initial instances count: 3
2022-09-19 22:43:22.718  INFO 2628 --- [main] o.s.c.n.e.s.EurekaServiceRegistry        : Registering application GUEST-MICROSERVICE with eureka with status UP
2022-09-19 22:43:22.719  INFO 2628 --- [main] com.netflix.discovery.DiscoveryClient    : Saw local status change event StatusChangeEvent [timestamp=1663607602719, current=UP, previous=STARTING]
2022-09-19 22:43:22.721  INFO 2628 --- [DiscoveryClient-InstanceInfoReplicator-0] com.netflix.discovery.DiscoveryClient    : DiscoveryClient_GUEST-MICROSERVICE/DESKTOP-TG0PSDR:Guest-Microservice:8083: registering service...
2022-09-19 22:43:22.722  INFO 2628 --- [main] d.s.w.p.DocumentationPluginsBootstrapper : Context refreshed
2022-09-19 22:43:22.743  INFO 2628 --- [main] d.s.w.p.DocumentationPluginsBootstrapper : Found 1 custom documentation plugin(s)
2022-09-19 22:43:22.766  INFO 2628 --- [DiscoveryClient-InstanceInfoReplicator-0] com.netflix.discovery.DiscoveryClient    : DiscoveryClient_GUEST-MICROSERVICE/DESKTOP-TG0PSDR:Guest-Microservice:8083 - registration status: 204
2022-09-19 22:43:22.779  INFO 2628 --- [main] s.d.s.w.s.ApiListingReferenceScanner     : Scanning for api listing references
2022-09-19 22:43:22.966  INFO 2628 --- [main] c.m.guest.GuestServiceApplicationTests   : Started GuestServiceApplicationTests in 9.79 seconds (JVM running for 11.614)
2022-09-19 22:43:23.118  INFO 2628 --- [SpringContextShutdownHook] o.s.c.n.e.s.EurekaServiceRegistry        : Unregistering application GUEST-MICROSERVICE with eureka with status DOWN
2022-09-19 22:43:23.118  INFO 2628 --- [SpringContextShutdownHook] com.netflix.discovery.DiscoveryClient    : Saw local status change event StatusChangeEvent [timestamp=1663607603118, current=DOWN, previous=UP]
2022-09-19 22:43:23.119  INFO 2628 --- [DiscoveryClient-InstanceInfoReplicator-0] com.netflix.discovery.DiscoveryClient    : DiscoveryClient_GUEST-MICROSERVICE/DESKTOP-TG0PSDR:Guest-Microservice:8083: registering service...
2022-09-19 22:43:23.127  INFO 2628 --- [DiscoveryClient-InstanceInfoReplicator-0] com.netflix.discovery.DiscoveryClient    : DiscoveryClient_GUEST-MICROSERVICE/DESKTOP-TG0PSDR:Guest-Microservice:8083 - registration status: 204
2022-09-19 22:43:23.266  INFO 2628 --- [SpringContextShutdownHook] o.s.s.concurrent.ThreadPoolTaskExecutor  : Shutting down ExecutorService 'applicationTaskExecutor'
2022-09-19 22:43:23.269  INFO 2628 --- [SpringContextShutdownHook] com.netflix.discovery.DiscoveryClient    : Shutting down DiscoveryClient ...
2022-09-19 22:43:26.283  INFO 2628 --- [SpringContextShutdownHook] com.netflix.discovery.DiscoveryClient    : Unregistering ...
2022-09-19 22:43:26.289  INFO 2628 --- [SpringContextShutdownHook] com.netflix.discovery.DiscoveryClient    : DiscoveryClient_GUEST-MICROSERVICE/DESKTOP-TG0PSDR:Guest-Microservice:8083 - deregister  status: 200
2022-09-19 22:43:26.296  INFO 2628 --- [SpringContextShutdownHook] com.netflix.discovery.DiscoveryClient    : Completed shut down of DiscoveryClient
